Using pre-set license
Built from '2020.3/release' branch; Version is '2020.3.12f1 (b3b2c6512326) revision 11776710'; Using compiler version '192528614'; Build Type 'Release'
OS: 'Windows 10 Home; OS build 19042.1052; Version 2009; 64bit' Language: 'es' Physical Memory: 32702 MB
BatchMode: 1, IsHumanControllingUs: 0, StartBugReporterOnCrash: 0, Is64bit: 1, IsPro: 0

 COMMAND LINE ARGUMENTS:
C:\Program Files\Unity\Editor\2020.3.12f1\Editor\Unity.exe
-adb2
-batchMode
-noUpm
-name
AssetImportWorker0
-projectPath
A:/Unity/Apartamento/Build an Apartment
-logFile
Logs/AssetImportWorker0.log
-srvPort
50241
Successfully changed project path to: A:/Unity/Apartamento/Build an Apartment
A:/Unity/Apartamento/Build an Apartment
Using Asset Import Pipeline V2.
Refreshing native plugins compatible for Editor in 55.87 ms, found 8 plugins.
Preloading 1 native plugins for Editor in 0.68 ms.
Initialize engine version: 2020.3.12f1 (b3b2c6512326)
[Subsystems] Discovering subsystems at path C:/Program Files/Unity/Editor/2020.3.12f1/Editor/Data/Resources/UnitySubsystems
[Subsystems] Discovering subsystems at path A:/Unity/Apartamento/Build an Apartment/Assets
GfxDevice: creating device client; threaded=0
Direct3D:
    Version:  Direct3D 11.0 [level 11.1]
    Renderer: NVIDIA GeForce RTX 2060 SUPER (ID=0x1f06)
    Vendor:   
    VRAM:     8031 MB
    Driver:   27.21.14.6663
Initialize mono
Mono path[0] = 'C:/Program Files/Unity/Editor/2020.3.12f1/Editor/Data/Managed'
Mono path[1] = 'C:/Program Files/Unity/Editor/2020.3.12f1/Editor/Data/MonoBleedingEdge/lib/mono/unityjit'
Mono config path = 'C:/Program Files/Unity/Editor/2020.3.12f1/Editor/Data/MonoBleedingEdge/etc'
Using monoOptions --debugger-agent=transport=dt_socket,embedding=1,server=y,suspend=n,address=127.0.0.1:56276
Begin MonoManager ReloadAssembly
Registering precompiled unity dll's ...
Register platform support module: C:/Program Files/Unity/Editor/2020.3.12f1/Editor/Data/PlaybackEngines/WindowsStandaloneSupport/UnityEditor.WindowsStandalone.Extensions.dll
Registered in 0.001734 seconds.
Native extension for WindowsStandalone target not found
Refreshing native plugins compatible for Editor in 37.36 ms, found 8 plugins.
Preloading 1 native plugins for Editor in 0.03 ms.
Mono: successfully reloaded assembly
- Completed reload, in  1.747 seconds
Platform modules already initialized, skipping
Registering precompiled user dll's ...
Registered in 0.004215 seconds.
Begin MonoManager ReloadAssembly
Native extension for WindowsStandalone target not found
Refreshing native plugins compatible for Editor in 0.70 ms, found 8 plugins.
Preloading 1 native plugins for Editor in 0.03 ms.
Mono: successfully reloaded assembly
- Completed reload, in  1.034 seconds
Platform modules already initialized, skipping
========================================================================
Worker process is ready to serve import requests
Launched and connected shader compiler UnityShaderCompiler.exe after 0.04 seconds
Refreshing native plugins compatible for Editor in 0.66 ms, found 8 plugins.
Preloading 1 native plugins for Editor in 0.03 ms.
Unloading 2082 Unused Serialized files (Serialized files now loaded: 0)
System memory in use before: 91.2 MB.
System memory in use after: 91.2 MB.

Unloading 84 unused Assets to reduce memory usage. Loaded Objects now: 2467.
Total: 4.701500 ms (FindLiveObjects: 0.170000 ms CreateObjectMapping: 0.073200 ms MarkObjects: 4.381500 ms  DeleteObjects: 0.075800 ms)

AssetImportParameters requested are different than current active one (requested -> active):
  custom:framework-win-MediaFoundation: 216162199b28c13a410421893ffa2e32 -> 
  custom:video-decoder-ogg-theora: a1e56fd34408186e4bbccfd4996cb3dc -> 
  custom:container-muxer-webm: aa71ff27fc2769a1b78a27578f13a17b -> 
  custom:container-demuxer-webm: 4f35f7cbe854078d1ac9338744f61a02 -> 
  custom:container-demuxer-ogg: 62fdf1f143b41e24485cea50d1cbac27 -> 
  custom:video-encoder-webm-vp8: eb34c28f22e8b96e1ab97ce403110664 -> 
  custom:video-decoder-webm-vp8: 9c59270c3fd7afecdb556c50c9e8de78 -> 
  custom:audio-decoder-ogg-vorbis: bf7c407c2cedff20999df2af8eb42d56 -> 
  custom:audio-encoder-webm-vorbis: bf7c407c2cedff20999df2af8eb42d56 -> 
========================================================================
Received Import Request.
  path: Assets/UdacityVR/Animaciones
  artifactKey: Guid(0753ba239104a2242aa0720277e72adb) Importer(815301076,1909f56bfc062723c751e8b465ee728b)
Start importing Assets/UdacityVR/Animaciones using Guid(0753ba239104a2242aa0720277e72adb) Importer(815301076,1909f56bfc062723c751e8b465ee728b)  -> (artifact id: '5968f20617e3a3c04c4fc8e4afc3d994') in 0.007893 seconds 
  Import took 0.011098 seconds .

========================================================================
Received Import Request.
  Time since last request: 37.692670 seconds.
  path: Assets/UdacityVR/Animaciones/Animacion Minutero.anim
  artifactKey: Guid(f20a8abfa557ca1479f960f089954ad4) Importer(815301076,1909f56bfc062723c751e8b465ee728b)
Start importing Assets/UdacityVR/Animaciones/Animacion Minutero.anim using Guid(f20a8abfa557ca1479f960f089954ad4) Importer(815301076,1909f56bfc062723c751e8b465ee728b)  -> (artifact id: '4afb5a2b21b5105a16091f15f79c5eda') in 0.030539 seconds 
  Import took 0.033355 seconds .

========================================================================
Received Prepare
Registering precompiled user dll's ...
Registered in 0.004238 seconds.
Begin MonoManager ReloadAssembly
Native extension for WindowsStandalone target not found
Refreshing native plugins compatible for Editor in 0.72 ms, found 8 plugins.
Preloading 1 native plugins for Editor in 0.04 ms.
Mono: successfully reloaded assembly
- Completed reload, in  0.878 seconds
Platform modules already initialized, skipping
Switching build target platform(19) subTarget(0) extendedPlatform(0) -> platform(13) subTarget(589824) extendedPlatform(0)
Refreshing native plugins compatible for Editor in 0.75 ms, found 8 plugins.
Preloading 1 native plugins for Editor in 0.03 ms.
Unloading 2069 Unused Serialized files (Serialized files now loaded: 0)
System memory in use before: 89.7 MB.
System memory in use after: 89.8 MB.

Unloading 75 unused Assets to reduce memory usage. Loaded Objects now: 2470.
Total: 5.118300 ms (FindLiveObjects: 0.190700 ms CreateObjectMapping: 0.087200 ms MarkObjects: 4.778500 ms  DeleteObjects: 0.060700 ms)

AssetImportParameters requested are different than current active one (requested -> active):
  custom:framework-win-MediaFoundation: 216162199b28c13a410421893ffa2e32 -> 
  custom:video-decoder-ogg-theora: a1e56fd34408186e4bbccfd4996cb3dc -> 
  custom:container-muxer-webm: aa71ff27fc2769a1b78a27578f13a17b -> 
  custom:container-demuxer-webm: 4f35f7cbe854078d1ac9338744f61a02 -> 
  custom:container-demuxer-ogg: 62fdf1f143b41e24485cea50d1cbac27 -> 
  custom:video-encoder-webm-vp8: eb34c28f22e8b96e1ab97ce403110664 -> 
  custom:video-decoder-webm-vp8: 9c59270c3fd7afecdb556c50c9e8de78 -> 
  custom:graphics/normal-map-encoding: 01000000000000000000000000000000 -> 02000000000000000000000000000000
  custom:audio-decoder-ogg-vorbis: bf7c407c2cedff20999df2af8eb42d56 -> 
  custom:audio-encoder-webm-vorbis: bf7c407c2cedff20999df2af8eb42d56 -> 
========================================================================
Received Prepare
Registering precompiled user dll's ...
Registered in 0.004106 seconds.
Begin MonoManager ReloadAssembly
Native extension for WindowsStandalone target not found
Refreshing native plugins compatible for Editor in 0.75 ms, found 8 plugins.
Preloading 1 native plugins for Editor in 0.04 ms.
Mono: successfully reloaded assembly
- Completed reload, in  0.881 seconds
Platform modules already initialized, skipping
Switching build target platform(19) subTarget(0) extendedPlatform(0) -> platform(13) subTarget(589824) extendedPlatform(0)
Refreshing native plugins compatible for Editor in 0.73 ms, found 8 plugins.
Preloading 1 native plugins for Editor in 0.04 ms.
Unloading 2069 Unused Serialized files (Serialized files now loaded: 0)
System memory in use before: 89.8 MB.
System memory in use after: 89.9 MB.

Unloading 75 unused Assets to reduce memory usage. Loaded Objects now: 2473.
Total: 4.943400 ms (FindLiveObjects: 0.169300 ms CreateObjectMapping: 0.057700 ms MarkObjects: 4.662800 ms  DeleteObjects: 0.052700 ms)

AssetImportParameters requested are different than current active one (requested -> active):
  custom:framework-win-MediaFoundation: 216162199b28c13a410421893ffa2e32 -> 
  custom:video-decoder-ogg-theora: a1e56fd34408186e4bbccfd4996cb3dc -> 
  custom:container-muxer-webm: aa71ff27fc2769a1b78a27578f13a17b -> 
  custom:container-demuxer-webm: 4f35f7cbe854078d1ac9338744f61a02 -> 
  custom:container-demuxer-ogg: 62fdf1f143b41e24485cea50d1cbac27 -> 
  custom:video-encoder-webm-vp8: eb34c28f22e8b96e1ab97ce403110664 -> 
  custom:video-decoder-webm-vp8: 9c59270c3fd7afecdb556c50c9e8de78 -> 
  custom:graphics/normal-map-encoding: 01000000000000000000000000000000 -> 02000000000000000000000000000000
  custom:audio-decoder-ogg-vorbis: bf7c407c2cedff20999df2af8eb42d56 -> 
  custom:audio-encoder-webm-vorbis: bf7c407c2cedff20999df2af8eb42d56 -> 
========================================================================
Received Prepare
Registering precompiled user dll's ...
Registered in 0.004405 seconds.
Begin MonoManager ReloadAssembly
Native extension for WindowsStandalone target not found
Refreshing native plugins compatible for Editor in 0.72 ms, found 8 plugins.
Preloading 1 native plugins for Editor in 0.05 ms.
Mono: successfully reloaded assembly
- Completed reload, in  0.947 seconds
Platform modules already initialized, skipping
Switching build target platform(19) subTarget(0) extendedPlatform(0) -> platform(13) subTarget(589824) extendedPlatform(0)
Refreshing native plugins compatible for Editor in 0.71 ms, found 8 plugins.
Preloading 1 native plugins for Editor in 0.03 ms.
Unloading 2069 Unused Serialized files (Serialized files now loaded: 0)
System memory in use before: 89.8 MB.
System memory in use after: 89.9 MB.

Unloading 75 unused Assets to reduce memory usage. Loaded Objects now: 2476.
Total: 4.859500 ms (FindLiveObjects: 0.158900 ms CreateObjectMapping: 0.066500 ms MarkObjects: 4.574300 ms  DeleteObjects: 0.058700 ms)

AssetImportParameters requested are different than current active one (requested -> active):
  custom:framework-win-MediaFoundation: 216162199b28c13a410421893ffa2e32 -> 
  custom:video-decoder-ogg-theora: a1e56fd34408186e4bbccfd4996cb3dc -> 
  custom:container-muxer-webm: aa71ff27fc2769a1b78a27578f13a17b -> 
  custom:container-demuxer-webm: 4f35f7cbe854078d1ac9338744f61a02 -> 
  custom:container-demuxer-ogg: 62fdf1f143b41e24485cea50d1cbac27 -> 
  custom:video-encoder-webm-vp8: eb34c28f22e8b96e1ab97ce403110664 -> 
  custom:video-decoder-webm-vp8: 9c59270c3fd7afecdb556c50c9e8de78 -> 
  custom:graphics/normal-map-encoding: 01000000000000000000000000000000 -> 02000000000000000000000000000000
  custom:audio-decoder-ogg-vorbis: bf7c407c2cedff20999df2af8eb42d56 -> 
  custom:audio-encoder-webm-vorbis: bf7c407c2cedff20999df2af8eb42d56 -> 
========================================================================
Received Import Request.
  Time since last request: 1376.380431 seconds.
  path: Assets/UdacityVR/Animaciones/AnimacionMinuteroAntihoraria.anim
  artifactKey: Guid(edaf160732c649340b41bad464016018) Importer(815301076,1909f56bfc062723c751e8b465ee728b)
Start importing Assets/UdacityVR/Animaciones/AnimacionMinuteroAntihoraria.anim using Guid(edaf160732c649340b41bad464016018) Importer(815301076,1909f56bfc062723c751e8b465ee728b)  -> (artifact id: '45f9f6d5ef4f6945b931886a9cd0ed69') in 0.012948 seconds 
  Import took 0.024755 seconds .

========================================================================
Received Prepare
Registering precompiled user dll's ...
Registered in 0.004142 seconds.
Begin MonoManager ReloadAssembly
Native extension for WindowsStandalone target not found
Refreshing native plugins compatible for Editor in 0.76 ms, found 8 plugins.
Preloading 1 native plugins for Editor in 0.05 ms.
Mono: successfully reloaded assembly
- Completed reload, in  0.919 seconds
Platform modules already initialized, skipping
Switching build target platform(19) subTarget(0) extendedPlatform(0) -> platform(13) subTarget(589824) extendedPlatform(0)
Refreshing native plugins compatible for Editor in 0.74 ms, found 8 plugins.
Preloading 1 native plugins for Editor in 0.04 ms.
Unloading 2069 Unused Serialized files (Serialized files now loaded: 0)
System memory in use before: 89.8 MB.
System memory in use after: 89.9 MB.

Unloading 75 unused Assets to reduce memory usage. Loaded Objects now: 2479.
Total: 4.955300 ms (FindLiveObjects: 0.168100 ms CreateObjectMapping: 0.072500 ms MarkObjects: 4.654900 ms  DeleteObjects: 0.058800 ms)

AssetImportParameters requested are different than current active one (requested -> active):
  custom:framework-win-MediaFoundation: 216162199b28c13a410421893ffa2e32 -> 
  custom:video-decoder-ogg-theora: a1e56fd34408186e4bbccfd4996cb3dc -> 
  custom:container-muxer-webm: aa71ff27fc2769a1b78a27578f13a17b -> 
  custom:container-demuxer-webm: 4f35f7cbe854078d1ac9338744f61a02 -> 
  custom:container-demuxer-ogg: 62fdf1f143b41e24485cea50d1cbac27 -> 
  custom:video-encoder-webm-vp8: eb34c28f22e8b96e1ab97ce403110664 -> 
  custom:video-decoder-webm-vp8: 9c59270c3fd7afecdb556c50c9e8de78 -> 
  custom:graphics/normal-map-encoding: 01000000000000000000000000000000 -> 02000000000000000000000000000000
  custom:audio-decoder-ogg-vorbis: bf7c407c2cedff20999df2af8eb42d56 -> 
  custom:audio-encoder-webm-vorbis: bf7c407c2cedff20999df2af8eb42d56 -> 
========================================================================
Received Import Request.
  Time since last request: 753.465234 seconds.
  path: Assets/UdacityVR/Animaciones/Clock_Handle_Minutes.controller
  artifactKey: Guid(55cf30570350008498ef7800ba3af212) Importer(815301076,1909f56bfc062723c751e8b465ee728b)
Start importing Assets/UdacityVR/Animaciones/Clock_Handle_Minutes.controller using Guid(55cf30570350008498ef7800ba3af212) Importer(815301076,1909f56bfc062723c751e8b465ee728b)  -> (artifact id: '7ac3eecd15a425f5a419578490e44beb') in 0.018502 seconds 
  Import took 0.030807 seconds .

========================================================================
Received Prepare
Registering precompiled user dll's ...
Registered in 0.004166 seconds.
Begin MonoManager ReloadAssembly
Native extension for WindowsStandalone target not found
Refreshing native plugins compatible for Editor in 0.76 ms, found 8 plugins.
Preloading 1 native plugins for Editor in 0.04 ms.
Mono: successfully reloaded assembly
- Completed reload, in  0.947 seconds
Platform modules already initialized, skipping
Switching build target platform(19) subTarget(0) extendedPlatform(0) -> platform(13) subTarget(589824) extendedPlatform(0)
Refreshing native plugins compatible for Editor in 0.81 ms, found 8 plugins.
Preloading 1 native plugins for Editor in 0.04 ms.
Unloading 2069 Unused Serialized files (Serialized files now loaded: 0)
System memory in use before: 89.8 MB.
System memory in use after: 89.9 MB.

Unloading 75 unused Assets to reduce memory usage. Loaded Objects now: 2482.
Total: 4.935000 ms (FindLiveObjects: 0.148200 ms CreateObjectMapping: 0.062000 ms MarkObjects: 4.659600 ms  DeleteObjects: 0.064200 ms)

AssetImportParameters requested are different than current active one (requested -> active):
  custom:framework-win-MediaFoundation: 216162199b28c13a410421893ffa2e32 -> 
  custom:video-decoder-ogg-theora: a1e56fd34408186e4bbccfd4996cb3dc -> 
  custom:container-muxer-webm: aa71ff27fc2769a1b78a27578f13a17b -> 
  custom:container-demuxer-webm: 4f35f7cbe854078d1ac9338744f61a02 -> 
  custom:container-demuxer-ogg: 62fdf1f143b41e24485cea50d1cbac27 -> 
  custom:video-encoder-webm-vp8: eb34c28f22e8b96e1ab97ce403110664 -> 
  custom:video-decoder-webm-vp8: 9c59270c3fd7afecdb556c50c9e8de78 -> 
  custom:graphics/normal-map-encoding: 01000000000000000000000000000000 -> 02000000000000000000000000000000
  custom:audio-decoder-ogg-vorbis: bf7c407c2cedff20999df2af8eb42d56 -> 
  custom:audio-encoder-webm-vorbis: bf7c407c2cedff20999df2af8eb42d56 -> 
========================================================================
Received Import Request.
  Time since last request: 290.779029 seconds.
  path: Assets/GoogleVR/Prefabs/EventSystem/GvrEventSystem.prefab
  artifactKey: Guid(463285ecd6702471a909ba810832bf0e) Importer(815301076,1909f56bfc062723c751e8b465ee728b)
Start importing Assets/GoogleVR/Prefabs/EventSystem/GvrEventSystem.prefab using Guid(463285ecd6702471a909ba810832bf0e) Importer(815301076,1909f56bfc062723c751e8b465ee728b)  -> (artifact id: 'bc1d095836c02783b495e4f54a467a52') in 0.035973 seconds 
  Import took 0.039548 seconds .

========================================================================
Received Import Request.
  Time since last request: 1.974950 seconds.
  path: Assets/GoogleVR/Prefabs/Headset/GvrHeadset.prefab
  artifactKey: Guid(d638298e697ca4e9b91853efadd0e6da) Importer(815301076,1909f56bfc062723c751e8b465ee728b)
Start importing Assets/GoogleVR/Prefabs/Headset/GvrHeadset.prefab using Guid(d638298e697ca4e9b91853efadd0e6da) Importer(815301076,1909f56bfc062723c751e8b465ee728b)  -> (artifact id: 'ee900307be6093dd1de8822e3971bfa4') in 0.017621 seconds 
  Import took 0.020669 seconds .

========================================================================
Received Import Request.
  Time since last request: 0.000213 seconds.
  path: Assets/GoogleVR/Prefabs/InstantPreview/GvrInstantPreviewMain.prefab
  artifactKey: Guid(ce7abbbeb276a1547bd8ce1069fdabb7) Importer(815301076,1909f56bfc062723c751e8b465ee728b)
Start importing Assets/GoogleVR/Prefabs/InstantPreview/GvrInstantPreviewMain.prefab using Guid(ce7abbbeb276a1547bd8ce1069fdabb7) Importer(815301076,1909f56bfc062723c751e8b465ee728b)  -> (artifact id: '8686379cf64b20edb450f17e970eb1f7') in 0.008960 seconds 
  Import took 0.011850 seconds .

========================================================================
Received Import Request.
  Time since last request: 0.000238 seconds.
  path: Assets/GoogleVR/Prefabs/Keyboard/GvrKeyboardCanvas.prefab
  artifactKey: Guid(f4cf01cab04054926935acc7cb25b7f5) Importer(815301076,1909f56bfc062723c751e8b465ee728b)
Start importing Assets/GoogleVR/Prefabs/Keyboard/GvrKeyboardCanvas.prefab using Guid(f4cf01cab04054926935acc7cb25b7f5) Importer(815301076,1909f56bfc062723c751e8b465ee728b)  -> (artifact id: '674b36f447849c7cc5b601a242ebf638') in 0.023169 seconds 
  Import took 0.026845 seconds .

========================================================================
Received Import Request.
  Time since last request: 0.512066 seconds.
  path: Assets/GoogleVR/Prefabs/Keyboard/GvrKeyboardManager.prefab
  artifactKey: Guid(6c99596fcbe574b168ae0faa3afe8546) Importer(815301076,1909f56bfc062723c751e8b465ee728b)
Start importing Assets/GoogleVR/Prefabs/Keyboard/GvrKeyboardManager.prefab using Guid(6c99596fcbe574b168ae0faa3afe8546) Importer(815301076,1909f56bfc062723c751e8b465ee728b)  -> (artifact id: '440576dabba35268b5aec2d66f024501') in 0.019882 seconds 
  Import took 0.023027 seconds .

========================================================================
Received Import Request.
  Time since last request: 3.765360 seconds.
  path: Assets/GoogleVR/Prefabs/Cardboard/GvrReticlePointer.prefab
  artifactKey: Guid(60270cf52a5e94998a5a335989159738) Importer(815301076,1909f56bfc062723c751e8b465ee728b)
Start importing Assets/GoogleVR/Prefabs/Cardboard/GvrReticlePointer.prefab using Guid(60270cf52a5e94998a5a335989159738) Importer(815301076,1909f56bfc062723c751e8b465ee728b)  -> (artifact id: 'd02d15e733cbdacbf39fd9e20d571bc5') in 0.019695 seconds 
  Import took 0.022943 seconds .

========================================================================
Received Prepare
Registering precompiled user dll's ...
Registered in 0.004256 seconds.
Begin MonoManager ReloadAssembly
Native extension for WindowsStandalone target not found
Refreshing native plugins compatible for Editor in 0.71 ms, found 8 plugins.
Preloading 1 native plugins for Editor in 0.04 ms.
Mono: successfully reloaded assembly
- Completed reload, in  0.916 seconds
Platform modules already initialized, skipping
Switching build target platform(19) subTarget(0) extendedPlatform(0) -> platform(13) subTarget(589824) extendedPlatform(0)
Refreshing native plugins compatible for Editor in 0.70 ms, found 8 plugins.
Preloading 1 native plugins for Editor in 0.03 ms.
Unloading 2069 Unused Serialized files (Serialized files now loaded: 0)
System memory in use before: 89.9 MB.
System memory in use after: 90.0 MB.

Unloading 75 unused Assets to reduce memory usage. Loaded Objects now: 2487.
Total: 4.956800 ms (FindLiveObjects: 0.159700 ms CreateObjectMapping: 0.065700 ms MarkObjects: 4.671600 ms  DeleteObjects: 0.058500 ms)

AssetImportParameters requested are different than current active one (requested -> active):
  custom:framework-win-MediaFoundation: 216162199b28c13a410421893ffa2e32 -> 
  custom:video-decoder-ogg-theora: a1e56fd34408186e4bbccfd4996cb3dc -> 
  custom:container-muxer-webm: aa71ff27fc2769a1b78a27578f13a17b -> 
  custom:container-demuxer-webm: 4f35f7cbe854078d1ac9338744f61a02 -> 
  custom:container-demuxer-ogg: 62fdf1f143b41e24485cea50d1cbac27 -> 
  custom:video-encoder-webm-vp8: eb34c28f22e8b96e1ab97ce403110664 -> 
  custom:video-decoder-webm-vp8: 9c59270c3fd7afecdb556c50c9e8de78 -> 
  custom:graphics/normal-map-encoding: 01000000000000000000000000000000 -> 02000000000000000000000000000000
  custom:audio-decoder-ogg-vorbis: bf7c407c2cedff20999df2af8eb42d56 -> 
  custom:audio-encoder-webm-vorbis: bf7c407c2cedff20999df2af8eb42d56 -> 
========================================================================
Received Prepare
Registering precompiled user dll's ...
Registered in 0.005451 seconds.
Begin MonoManager ReloadAssembly
Native extension for WindowsStandalone target not found
Refreshing native plugins compatible for Editor in 0.73 ms, found 8 plugins.
Preloading 1 native plugins for Editor in 0.04 ms.
Mono: successfully reloaded assembly
- Completed reload, in  0.941 seconds
Platform modules already initialized, skipping
Switching build target platform(19) subTarget(0) extendedPlatform(0) -> platform(13) subTarget(589824) extendedPlatform(0)
Refreshing native plugins compatible for Editor in 0.73 ms, found 8 plugins.
Preloading 1 native plugins for Editor in 0.03 ms.
Unloading 2069 Unused Serialized files (Serialized files now loaded: 0)
System memory in use before: 89.9 MB.
System memory in use after: 90.0 MB.

Unloading 75 unused Assets to reduce memory usage. Loaded Objects now: 2490.
Total: 5.187700 ms (FindLiveObjects: 0.182000 ms CreateObjectMapping: 0.063900 ms MarkObjects: 4.878500 ms  DeleteObjects: 0.062200 ms)

AssetImportParameters requested are different than current active one (requested -> active):
  custom:framework-win-MediaFoundation: 216162199b28c13a410421893ffa2e32 -> 
  custom:video-decoder-ogg-theora: a1e56fd34408186e4bbccfd4996cb3dc -> 
  custom:container-muxer-webm: aa71ff27fc2769a1b78a27578f13a17b -> 
  custom:container-demuxer-webm: 4f35f7cbe854078d1ac9338744f61a02 -> 
  custom:container-demuxer-ogg: 62fdf1f143b41e24485cea50d1cbac27 -> 
  custom:video-encoder-webm-vp8: eb34c28f22e8b96e1ab97ce403110664 -> 
  custom:video-decoder-webm-vp8: 9c59270c3fd7afecdb556c50c9e8de78 -> 
  custom:graphics/normal-map-encoding: 01000000000000000000000000000000 -> 02000000000000000000000000000000
  custom:audio-decoder-ogg-vorbis: bf7c407c2cedff20999df2af8eb42d56 -> 
  custom:audio-encoder-webm-vorbis: bf7c407c2cedff20999df2af8eb42d56 -> 
========================================================================
Received Import Request.
  Time since last request: 549.678703 seconds.
  path: Assets/UdacityVR/Scripts/TriggerAnimation.cs
  artifactKey: Guid(25417d8bf1f59504ebb38891f9cc4c63) Importer(815301076,1909f56bfc062723c751e8b465ee728b)
Start importing Assets/UdacityVR/Scripts/TriggerAnimation.cs using Guid(25417d8bf1f59504ebb38891f9cc4c63) Importer(815301076,1909f56bfc062723c751e8b465ee728b)  -> (artifact id: '20dc266f4880826ebcd3ed4846fa582b') in 0.014613 seconds 
  Import took 0.017311 seconds .

========================================================================
Received Import Request.
  Time since last request: 0.012666 seconds.
  path: Assets/UdacityVR/Scripts/TriggerAnimation.cs
  artifactKey: Guid(25417d8bf1f59504ebb38891f9cc4c63) Importer(815301076,1909f56bfc062723c751e8b465ee728b)
Start importing Assets/UdacityVR/Scripts/TriggerAnimation.cs using Guid(25417d8bf1f59504ebb38891f9cc4c63) Importer(815301076,1909f56bfc062723c751e8b465ee728b)  -> (artifact id: '20dc266f4880826ebcd3ed4846fa582b') in 0.001453 seconds 
  Import took 0.004017 seconds .

========================================================================
Received Prepare
Registering precompiled user dll's ...
Registered in 0.004137 seconds.
Begin MonoManager ReloadAssembly
Native extension for WindowsStandalone target not found
Refreshing native plugins compatible for Editor in 0.69 ms, found 8 plugins.
Preloading 1 native plugins for Editor in 0.04 ms.
Mono: successfully reloaded assembly
- Completed reload, in  0.913 seconds
Platform modules already initialized, skipping
Switching build target platform(19) subTarget(0) extendedPlatform(0) -> platform(13) subTarget(589824) extendedPlatform(0)
Refreshing native plugins compatible for Editor in 0.70 ms, found 8 plugins.
Preloading 1 native plugins for Editor in 0.03 ms.
Unloading 2069 Unused Serialized files (Serialized files now loaded: 0)
System memory in use before: 90.0 MB.
System memory in use after: 90.0 MB.

Unloading 75 unused Assets to reduce memory usage. Loaded Objects now: 2493.
Total: 6.591200 ms (FindLiveObjects: 0.332900 ms CreateObjectMapping: 0.125700 ms MarkObjects: 6.049100 ms  DeleteObjects: 0.081800 ms)

AssetImportParameters requested are different than current active one (requested -> active):
  custom:framework-win-MediaFoundation: 216162199b28c13a410421893ffa2e32 -> 
  custom:video-decoder-ogg-theora: a1e56fd34408186e4bbccfd4996cb3dc -> 
  custom:container-muxer-webm: aa71ff27fc2769a1b78a27578f13a17b -> 
  custom:container-demuxer-webm: 4f35f7cbe854078d1ac9338744f61a02 -> 
  custom:container-demuxer-ogg: 62fdf1f143b41e24485cea50d1cbac27 -> 
  custom:video-encoder-webm-vp8: eb34c28f22e8b96e1ab97ce403110664 -> 
  custom:video-decoder-webm-vp8: 9c59270c3fd7afecdb556c50c9e8de78 -> 
  custom:graphics/normal-map-encoding: 01000000000000000000000000000000 -> 02000000000000000000000000000000
  custom:audio-decoder-ogg-vorbis: bf7c407c2cedff20999df2af8eb42d56 -> 
  custom:audio-encoder-webm-vorbis: bf7c407c2cedff20999df2af8eb42d56 -> 
========================================================================
Received Import Request.
  Time since last request: 401.662195 seconds.
  path: Assets/UdacityVR/Animaciones/Mundo.anim
  artifactKey: Guid(2a0da92bac946184199aa55b5c062815) Importer(815301076,1909f56bfc062723c751e8b465ee728b)
Start importing Assets/UdacityVR/Animaciones/Mundo.anim using Guid(2a0da92bac946184199aa55b5c062815) Importer(815301076,1909f56bfc062723c751e8b465ee728b)  -> (artifact id: '9ac17a26e9c16e34aafada9a955020d4') in 0.013800 seconds 
  Import took 0.017519 seconds .

========================================================================
Received Import Request.
  Time since last request: 429.508102 seconds.
  path: Assets/UdacityVR/Animaciones/AnimacionMinuteroAntihoraria.anim
  artifactKey: Guid(edaf160732c649340b41bad464016018) Importer(815301076,1909f56bfc062723c751e8b465ee728b)
Start importing Assets/UdacityVR/Animaciones/AnimacionMinuteroAntihoraria.anim using Guid(edaf160732c649340b41bad464016018) Importer(815301076,1909f56bfc062723c751e8b465ee728b)  -> (artifact id: '54be5a573a537f9714b098e712742e9b') in 0.014138 seconds 
  Import took 0.017478 seconds .

========================================================================
Received Import Request.
  Time since last request: 1.759036 seconds.
  path: Assets/UdacityVR/Animaciones/AnimacionMinutero.anim
  artifactKey: Guid(7bdad38411be63f4e8bf1d5054efc458) Importer(815301076,1909f56bfc062723c751e8b465ee728b)
Start importing Assets/UdacityVR/Animaciones/AnimacionMinutero.anim using Guid(7bdad38411be63f4e8bf1d5054efc458) Importer(815301076,1909f56bfc062723c751e8b465ee728b)  -> (artifact id: 'bc9c86e5211a80b896f1bc46bc1f5489') in 0.006367 seconds 
  Import took 0.009644 seconds .

========================================================================
Received Import Request.
  Time since last request: 0.000664 seconds.
  path: Assets/UdacityVR/Animaciones/AnimacionMinutero.anim
  artifactKey: Guid(7bdad38411be63f4e8bf1d5054efc458) Importer(815301076,1909f56bfc062723c751e8b465ee728b)
Start importing Assets/UdacityVR/Animaciones/AnimacionMinutero.anim using Guid(7bdad38411be63f4e8bf1d5054efc458) Importer(815301076,1909f56bfc062723c751e8b465ee728b)  -> (artifact id: 'bc9c86e5211a80b896f1bc46bc1f5489') in 0.001929 seconds 
  Import took 0.004449 seconds .

========================================================================
Received Import Request.
  Time since last request: 25.757477 seconds.
  path: Assets/UdacityVR/Animaciones/MundoAnithorario.anim
  artifactKey: Guid(4868e365bd0ad734b848c4c808e9824a) Importer(815301076,1909f56bfc062723c751e8b465ee728b)
Start importing Assets/UdacityVR/Animaciones/MundoAnithorario.anim using Guid(4868e365bd0ad734b848c4c808e9824a) Importer(815301076,1909f56bfc062723c751e8b465ee728b)  -> (artifact id: 'e36a3db7167b9a9931c7e9f09e366503') in 0.004805 seconds 
  Import took 0.007980 seconds .

========================================================================
Received Import Request.
  Time since last request: 0.004438 seconds.
  path: Assets/UdacityVR/Animaciones/MundoAnithorario.anim
  artifactKey: Guid(4868e365bd0ad734b848c4c808e9824a) Importer(815301076,1909f56bfc062723c751e8b465ee728b)
Start importing Assets/UdacityVR/Animaciones/MundoAnithorario.anim using Guid(4868e365bd0ad734b848c4c808e9824a) Importer(815301076,1909f56bfc062723c751e8b465ee728b)  -> (artifact id: 'e36a3db7167b9a9931c7e9f09e366503') in 0.001585 seconds 
  Import took 0.004625 seconds .

========================================================================
Received Import Request.
  Time since last request: 149.965059 seconds.
  path: Assets/UdacityVR/Animaciones/Sphere.controller
  artifactKey: Guid(2f11244708cc96b4dba9212ddc04e877) Importer(815301076,1909f56bfc062723c751e8b465ee728b)
Start importing Assets/UdacityVR/Animaciones/Sphere.controller using Guid(2f11244708cc96b4dba9212ddc04e877) Importer(815301076,1909f56bfc062723c751e8b465ee728b)  -> (artifact id: '1eb4d3264bd333c77a4bf38d88cfb6d7') in 0.006938 seconds 
  Import took 0.018913 seconds .

========================================================================
Received Prepare
Registering precompiled user dll's ...
Registered in 0.004163 seconds.
Begin MonoManager ReloadAssembly
Native extension for WindowsStandalone target not found
Refreshing native plugins compatible for Editor in 0.71 ms, found 8 plugins.
Preloading 1 native plugins for Editor in 0.04 ms.
Mono: successfully reloaded assembly
- Completed reload, in  0.906 seconds
Platform modules already initialized, skipping
Switching build target platform(19) subTarget(0) extendedPlatform(0) -> platform(13) subTarget(589824) extendedPlatform(0)
Refreshing native plugins compatible for Editor in 0.70 ms, found 8 plugins.
Preloading 1 native plugins for Editor in 0.03 ms.
Unloading 2069 Unused Serialized files (Serialized files now loaded: 0)
System memory in use before: 90.0 MB.
System memory in use after: 90.1 MB.

Unloading 75 unused Assets to reduce memory usage. Loaded Objects now: 2496.
Total: 4.726200 ms (FindLiveObjects: 0.158700 ms CreateObjectMapping: 0.063500 ms MarkObjects: 4.445300 ms  DeleteObjects: 0.057600 ms)

AssetImportParameters requested are different than current active one (requested -> active):
  custom:framework-win-MediaFoundation: 216162199b28c13a410421893ffa2e32 -> 
  custom:video-decoder-ogg-theora: a1e56fd34408186e4bbccfd4996cb3dc -> 
  custom:container-muxer-webm: aa71ff27fc2769a1b78a27578f13a17b -> 
  custom:container-demuxer-webm: 4f35f7cbe854078d1ac9338744f61a02 -> 
  custom:container-demuxer-ogg: 62fdf1f143b41e24485cea50d1cbac27 -> 
  custom:video-encoder-webm-vp8: eb34c28f22e8b96e1ab97ce403110664 -> 
  custom:video-decoder-webm-vp8: 9c59270c3fd7afecdb556c50c9e8de78 -> 
  custom:graphics/normal-map-encoding: 01000000000000000000000000000000 -> 02000000000000000000000000000000
  custom:audio-decoder-ogg-vorbis: bf7c407c2cedff20999df2af8eb42d56 -> 
  custom:audio-encoder-webm-vorbis: bf7c407c2cedff20999df2af8eb42d56 -> 
========================================================================
Received Prepare
Registering precompiled user dll's ...
Registered in 0.004214 seconds.
Begin MonoManager ReloadAssembly
Native extension for WindowsStandalone target not found
Refreshing native plugins compatible for Editor in 0.77 ms, found 8 plugins.
Preloading 1 native plugins for Editor in 0.04 ms.
Mono: successfully reloaded assembly
- Completed reload, in  1.323 seconds
Platform modules already initialized, skipping
Switching build target platform(19) subTarget(0) extendedPlatform(0) -> platform(13) subTarget(589824) extendedPlatform(0)
Refreshing native plugins compatible for Editor in 0.89 ms, found 8 plugins.
Preloading 1 native plugins for Editor in 0.04 ms.
Unloading 2069 Unused Serialized files (Serialized files now loaded: 0)
System memory in use before: 90.0 MB.
System memory in use after: 90.1 MB.

Unloading 75 unused Assets to reduce memory usage. Loaded Objects now: 2499.
Total: 5.562900 ms (FindLiveObjects: 0.174600 ms CreateObjectMapping: 0.069500 ms MarkObjects: 5.234500 ms  DeleteObjects: 0.082600 ms)

AssetImportParameters requested are different than current active one (requested -> active):
  custom:framework-win-MediaFoundation: 216162199b28c13a410421893ffa2e32 -> 
  custom:video-decoder-ogg-theora: a1e56fd34408186e4bbccfd4996cb3dc -> 
  custom:container-muxer-webm: aa71ff27fc2769a1b78a27578f13a17b -> 
  custom:container-demuxer-webm: 4f35f7cbe854078d1ac9338744f61a02 -> 
  custom:container-demuxer-ogg: 62fdf1f143b41e24485cea50d1cbac27 -> 
  custom:video-encoder-webm-vp8: eb34c28f22e8b96e1ab97ce403110664 -> 
  custom:video-decoder-webm-vp8: 9c59270c3fd7afecdb556c50c9e8de78 -> 
  custom:graphics/normal-map-encoding: 01000000000000000000000000000000 -> 02000000000000000000000000000000
  custom:audio-decoder-ogg-vorbis: bf7c407c2cedff20999df2af8eb42d56 -> 
  custom:audio-encoder-webm-vorbis: bf7c407c2cedff20999df2af8eb42d56 -> 
========================================================================
Received Import Request.
  Time since last request: 1353.909316 seconds.
  path: Assets/UdacityVR/Art/Materials/gatote.jpeg
  artifactKey: Guid(08776206665449440b200f3d600f13d0) Importer(815301076,1909f56bfc062723c751e8b465ee728b)
Start importing Assets/UdacityVR/Art/Materials/gatote.jpeg using Guid(08776206665449440b200f3d600f13d0) Importer(815301076,1909f56bfc062723c751e8b465ee728b)  -> (artifact id: '5007a446312b7eeb36cc5494843ef9d4') in 0.076889 seconds 
  Import took 0.080517 seconds .

========================================================================
Received Import Request.
  Time since last request: 144.036962 seconds.
  path: Assets/UdacityVR/Art/Materials
  artifactKey: Guid(d4463c4e7c061dd45adbfd6531882410) Importer(815301076,1909f56bfc062723c751e8b465ee728b)
Start importing Assets/UdacityVR/Art/Materials using Guid(d4463c4e7c061dd45adbfd6531882410) Importer(815301076,1909f56bfc062723c751e8b465ee728b)  -> (artifact id: '553fae21e265525e5e064ea7857e55d1') in 0.013432 seconds 
  Import took 0.016293 seconds .

========================================================================
Received Import Request.
  Time since last request: 8.364998 seconds.
  path: Assets/UdacityVR/Art/Materials/Gatote.mat
  artifactKey: Guid(dc903cb9f3161ba49979455a1dedb15a) Importer(815301076,1909f56bfc062723c751e8b465ee728b)
Start importing Assets/UdacityVR/Art/Materials/Gatote.mat using Guid(dc903cb9f3161ba49979455a1dedb15a) Importer(815301076,1909f56bfc062723c751e8b465ee728b)  -> (artifact id: '830d310b9ce117ccb6c77e9f31487317') in 0.157050 seconds 
  Import took 0.160200 seconds .

========================================================================
Received Import Request.
  Time since last request: 7.040100 seconds.
  path: Assets/UdacityVR/Scenes/Build an Apartment/Lightmap-0_comp_dir.png
  artifactKey: Guid(c426f8be67fb3ad4ab1935e09e1867dd) Importer(815301076,1909f56bfc062723c751e8b465ee728b)
Start importing Assets/UdacityVR/Scenes/Build an Apartment/Lightmap-0_comp_dir.png using Guid(c426f8be67fb3ad4ab1935e09e1867dd) Importer(815301076,1909f56bfc062723c751e8b465ee728b)  -> (artifact id: '106dca6fafaf41da8e38b1527afe2739') in 0.036596 seconds 
  Import took 0.046921 seconds .

========================================================================
Received Import Request.
  Time since last request: 0.000194 seconds.
  path: Assets/UdacityVR/Scenes/Build an Apartment/Lightmap-0_comp_light.exr
  artifactKey: Guid(15ac2835e78c8f74094c97b8dbfd89e2) Importer(815301076,1909f56bfc062723c751e8b465ee728b)
Start importing Assets/UdacityVR/Scenes/Build an Apartment/Lightmap-0_comp_light.exr using Guid(15ac2835e78c8f74094c97b8dbfd89e2) Importer(815301076,1909f56bfc062723c751e8b465ee728b)  -> (artifact id: 'e0ba0e1394e039ff11704e2b2632a391') in 0.033837 seconds 
  Import took 0.037630 seconds .

========================================================================
Received Import Request.
  Time since last request: 0.340280 seconds.
  path: Assets/UdacityVR/Scenes/Build an Apartment/ReflectionProbe-0.exr
  artifactKey: Guid(1583d896f21014349919c84097ead6ab) Importer(815301076,1909f56bfc062723c751e8b465ee728b)
Start importing Assets/UdacityVR/Scenes/Build an Apartment/ReflectionProbe-0.exr using Guid(1583d896f21014349919c84097ead6ab) Importer(815301076,1909f56bfc062723c751e8b465ee728b)  -> (artifact id: '7364163400ecd7e699ac9a29c0ed466b') in 0.019401 seconds 
  Import took 0.022407 seconds .

========================================================================
Received Import Request.
  Time since last request: 0.023466 seconds.
  path: Assets/UdacityVR/Scenes/Build an Apartment/ReflectionProbe-1.exr
  artifactKey: Guid(c82667278b9887c4f90ab5e4a5f9afdb) Importer(815301076,1909f56bfc062723c751e8b465ee728b)
Start importing Assets/UdacityVR/Scenes/Build an Apartment/ReflectionProbe-1.exr using Guid(c82667278b9887c4f90ab5e4a5f9afdb) Importer(815301076,1909f56bfc062723c751e8b465ee728b)  -> (artifact id: '2f5ea0ba9c2f18a100499c8fa9cd1562') in 0.019369 seconds 
  Import took 0.022788 seconds .

========================================================================
Received Import Request.
  Time since last request: 0.000239 seconds.
  path: Assets/UdacityVR/Scenes/Build an Apartment/ReflectionProbe-2.exr
  artifactKey: Guid(b8da376f392659f45913fbcd7bc93208) Importer(815301076,1909f56bfc062723c751e8b465ee728b)
Start importing Assets/UdacityVR/Scenes/Build an Apartment/ReflectionProbe-2.exr using Guid(b8da376f392659f45913fbcd7bc93208) Importer(815301076,1909f56bfc062723c751e8b465ee728b)  -> (artifact id: 'aff026dc36bf0a0d741e71b18e85ab12') in 0.012569 seconds 
  Import took 0.015829 seconds .

========================================================================
Received Import Request.
  Time since last request: 0.000163 seconds.
  path: Assets/UdacityVR/Scenes/Build an Apartment/ReflectionProbe-3.exr
  artifactKey: Guid(e653927a83061124e9f82b994864436e) Importer(815301076,1909f56bfc062723c751e8b465ee728b)
Start importing Assets/UdacityVR/Scenes/Build an Apartment/ReflectionProbe-3.exr using Guid(e653927a83061124e9f82b994864436e) Importer(815301076,1909f56bfc062723c751e8b465ee728b)  -> (artifact id: '01eeeff6b4c38c6f45f3601bee64b6b4') in 0.011965 seconds 
  Import took 0.015229 seconds .

========================================================================
Received Import Request.
  Time since last request: 0.000193 seconds.
  path: Assets/UdacityVR/Scenes/Build an Apartment/ReflectionProbe-1.exr
  artifactKey: Guid(c82667278b9887c4f90ab5e4a5f9afdb) Importer(815301076,1909f56bfc062723c751e8b465ee728b)
Start importing Assets/UdacityVR/Scenes/Build an Apartment/ReflectionProbe-1.exr using Guid(c82667278b9887c4f90ab5e4a5f9afdb) Importer(815301076,1909f56bfc062723c751e8b465ee728b)  -> (artifact id: '2f5ea0ba9c2f18a100499c8fa9cd1562') in 0.011728 seconds 
  Import took 0.014527 seconds .

========================================================================
Received Import Request.
  Time since last request: 0.000177 seconds.
  path: Assets/UdacityVR/Scenes/Build an Apartment/ReflectionProbe-4.exr
  artifactKey: Guid(2063db6f5458fd64d85eabf331ecdb3a) Importer(815301076,1909f56bfc062723c751e8b465ee728b)
Start importing Assets/UdacityVR/Scenes/Build an Apartment/ReflectionProbe-4.exr using Guid(2063db6f5458fd64d85eabf331ecdb3a) Importer(815301076,1909f56bfc062723c751e8b465ee728b)  -> (artifact id: 'f606b051bf8be1d3ea56cdb5ac52a00a') in 0.011691 seconds 
  Import took 0.014830 seconds .

========================================================================
Received Import Request.
  Time since last request: 0.000178 seconds.
  path: Assets/UdacityVR/Scenes/Build an Apartment/ReflectionProbe-2.exr
  artifactKey: Guid(b8da376f392659f45913fbcd7bc93208) Importer(815301076,1909f56bfc062723c751e8b465ee728b)
Start importing Assets/UdacityVR/Scenes/Build an Apartment/ReflectionProbe-2.exr using Guid(b8da376f392659f45913fbcd7bc93208) Importer(815301076,1909f56bfc062723c751e8b465ee728b)  -> (artifact id: 'aff026dc36bf0a0d741e71b18e85ab12') in 0.010339 seconds 
  Import took 0.013137 seconds .

========================================================================
Received Import Request.
  Time since last request: 0.782491 seconds.
  path: Packages/com.unity.purchasing/Icons/UnityEngine.Purchasing.IAPButtonIcon.png
  artifactKey: Guid(55e457740fe60405dac77af143e1a867) Importer(815301076,1909f56bfc062723c751e8b465ee728b)
Start importing Packages/com.unity.purchasing/Icons/UnityEngine.Purchasing.IAPButtonIcon.png using Guid(55e457740fe60405dac77af143e1a867) Importer(815301076,1909f56bfc062723c751e8b465ee728b)  -> (artifact id: 'c36b1912d230d0e1e3262bf16732f677') in 0.014935 seconds 
  Import took 0.018100 seconds .

========================================================================
Received Import Request.
  Time since last request: 0.029906 seconds.
  path: Assets/UdacityVR/Art/Models/Apartment/Apartment.fbm/WallSetup.png
  artifactKey: Guid(71a43dab9f3d34248a816a1b98778083) Importer(815301076,1909f56bfc062723c751e8b465ee728b)
Start importing Assets/UdacityVR/Art/Models/Apartment/Apartment.fbm/WallSetup.png using Guid(71a43dab9f3d34248a816a1b98778083) Importer(815301076,1909f56bfc062723c751e8b465ee728b)  -> (artifact id: 'df93ed933179b2cc8a10a1e72f990629') in 0.017668 seconds 
  Import took 0.020959 seconds .

========================================================================
Received Import Request.
  Time since last request: 0.000191 seconds.
  path: Assets/UdacityVR/Art/Models/Apartment/Apartment.fbm/Wood.png
  artifactKey: Guid(4c9d3c475a5abbd44bbe2ab94fad71ec) Importer(815301076,1909f56bfc062723c751e8b465ee728b)
Start importing Assets/UdacityVR/Art/Models/Apartment/Apartment.fbm/Wood.png using Guid(4c9d3c475a5abbd44bbe2ab94fad71ec) Importer(815301076,1909f56bfc062723c751e8b465ee728b)  -> (artifact id: 'af925b9e960034a581094be71756caed') in 0.015064 seconds 
  Import took 0.017618 seconds .

========================================================================
Received Import Request.
  Time since last request: 0.000190 seconds.
  path: Assets/UdacityVR/Art/Models/Apartment/Apartment.fbm/WallSetup.png
  artifactKey: Guid(71a43dab9f3d34248a816a1b98778083) Importer(815301076,1909f56bfc062723c751e8b465ee728b)
Start importing Assets/UdacityVR/Art/Models/Apartment/Apartment.fbm/WallSetup.png using Guid(71a43dab9f3d34248a816a1b98778083) Importer(815301076,1909f56bfc062723c751e8b465ee728b)  -> (artifact id: 'df93ed933179b2cc8a10a1e72f990629') in 0.015395 seconds 
  Import took 0.017912 seconds .

========================================================================
Received Import Request.
  Time since last request: 0.000212 seconds.
  path: Assets/UdacityVR/Art/Models/Apartment/Apartment.fbm/Wood.png
  artifactKey: Guid(4c9d3c475a5abbd44bbe2ab94fad71ec) Importer(815301076,1909f56bfc062723c751e8b465ee728b)
Start importing Assets/UdacityVR/Art/Models/Apartment/Apartment.fbm/Wood.png using Guid(4c9d3c475a5abbd44bbe2ab94fad71ec) Importer(815301076,1909f56bfc062723c751e8b465ee728b)  -> (artifact id: 'af925b9e960034a581094be71756caed') in 0.009721 seconds 
  Import took 0.012282 seconds .

========================================================================
Received Import Request.
  Time since last request: 8.804893 seconds.
  path: Assets/UdacityVR/Art/Textures/gatote.jpeg
  artifactKey: Guid(14923cf3ad8660b428270aeccc358122) Importer(815301076,1909f56bfc062723c751e8b465ee728b)
Start importing Assets/UdacityVR/Art/Textures/gatote.jpeg using Guid(14923cf3ad8660b428270aeccc358122) Importer(815301076,1909f56bfc062723c751e8b465ee728b)  -> (artifact id: '1c5827b675417e2bd5c84e1631a21562') in 0.011303 seconds 
  Import took 0.014580 seconds .

========================================================================
Received Import Request.
  Time since last request: 431.985481 seconds.
  path: Assets/UdacityVR/Art/Materials/Gatote.mat
  artifactKey: Guid(dc903cb9f3161ba49979455a1dedb15a) Importer(815301076,1909f56bfc062723c751e8b465ee728b)
Start importing Assets/UdacityVR/Art/Materials/Gatote.mat using Guid(dc903cb9f3161ba49979455a1dedb15a) Importer(815301076,1909f56bfc062723c751e8b465ee728b)  -> (artifact id: '2f92e593a1dfb47d6231de133ab8409c') in 0.021129 seconds 
  Import took 0.024791 seconds .

========================================================================
Received Prepare
Registering precompiled user dll's ...
Registered in 0.004810 seconds.
Begin MonoManager ReloadAssembly
Native extension for WindowsStandalone target not found
Refreshing native plugins compatible for Editor in 1.13 ms, found 8 plugins.
Preloading 1 native plugins for Editor in 0.05 ms.
Mono: successfully reloaded assembly
- Completed reload, in  1.130 seconds
Platform modules already initialized, skipping
Switching build target platform(19) subTarget(0) extendedPlatform(0) -> platform(13) subTarget(589824) extendedPlatform(0)
Refreshing native plugins compatible for Editor in 0.71 ms, found 8 plugins.
Preloading 1 native plugins for Editor in 0.04 ms.
Unloading 2069 Unused Serialized files (Serialized files now loaded: 0)
System memory in use before: 93.3 MB.
System memory in use after: 93.4 MB.

Unloading 75 unused Assets to reduce memory usage. Loaded Objects now: 2549.
Total: 5.015200 ms (FindLiveObjects: 0.196500 ms CreateObjectMapping: 0.085000 ms MarkObjects: 4.670300 ms  DeleteObjects: 0.062200 ms)

AssetImportParameters requested are different than current active one (requested -> active):
  custom:framework-win-MediaFoundation: 216162199b28c13a410421893ffa2e32 -> 
  custom:video-decoder-ogg-theora: a1e56fd34408186e4bbccfd4996cb3dc -> 
  custom:container-muxer-webm: aa71ff27fc2769a1b78a27578f13a17b -> 
  custom:container-demuxer-webm: 4f35f7cbe854078d1ac9338744f61a02 -> 
  custom:container-demuxer-ogg: 62fdf1f143b41e24485cea50d1cbac27 -> 
  custom:video-encoder-webm-vp8: eb34c28f22e8b96e1ab97ce403110664 -> 
  custom:video-decoder-webm-vp8: 9c59270c3fd7afecdb556c50c9e8de78 -> 
  custom:graphics/normal-map-encoding: 01000000000000000000000000000000 -> 02000000000000000000000000000000
  custom:audio-decoder-ogg-vorbis: bf7c407c2cedff20999df2af8eb42d56 -> 
  custom:audio-encoder-webm-vorbis: bf7c407c2cedff20999df2af8eb42d56 -> 
AssetImportWorkerClient::OnTransportError - code=2 error=End of file
